<?xml version="1.0" encoding="UTF-8"?>
<!-- Generated by org.testng.reporters.JUnitReportReporter -->
<testsuite skipped="0" hostname="DEBERWSL41X44Q2" name="com.hellofresh.challenge.tests.ui.RegisterTest" tests="2" failures="0" timestamp="17 Nov 2019 19:41:22 GMT" time="26.200" errors="0">
  <testcase name="SignInNewCustomer" time="17.289" classname="com.hellofresh.challenge.tests.ui.RegisterTest"/>
  <testcase name="SignInExistingCustomer" time="8.911" classname="com.hellofresh.challenge.tests.ui.RegisterTest"/>
</testsuite> <!-- com.hellofresh.challenge.tests.ui.RegisterTest -->
